<?xml version="1.0" encoding="UTF-8"?>
<testsuite name="JUnit Jupiter" tests="12" skipped="1" failures="0" errors="0" time="0.146" hostname="hawoline-Aspire-A315-42" timestamp="2024-03-24T19:09:05">
<properties>
[...]
</properties>
<testcase name="sumSeveralNums()" classname="TestCalculator" time="0.001">
<system-out><![CDATA[
unique-id: [engine:junit-jupiter]/[class:TestCalculator]/[method:sumSeveralNums()]
display-name: sumSeveralNums()
]]></system-out>
</testcase>
<testcase name="sumWithoutCalculatorFields(int, int, int)[1]" classname="TestCalculator" time="0.017">
<system-out><![CDATA[
unique-id: [engine:junit-jupiter]/[class:TestCalculator]/[test-template:sumWithoutCalculatorFields(int, int, int)]/[test-template-invocation:#1]
display-name: [1] 170, 90, 80
]]></system-out>
</testcase>
<testcase name="sumWithoutCalculatorFields(int, int, int)[2]" classname="TestCalculator" time="0.001">
<system-out><![CDATA[
unique-id: [engine:junit-jupiter]/[class:TestCalculator]/[test-template:sumWithoutCalculatorFields(int, int, int)]/[test-template-invocation:#2]
display-name: [2] -2147483648, 2147483647, 1
]]></system-out>
</testcase>
<testcase name="testNullNums()" classname="TestCalculator" time="0.001">
<system-out><![CDATA[
unique-id: [engine:junit-jupiter]/[class:TestCalculator]/[method:testNullNums()]
display-name: testNullNums()
]]></system-out>
</testcase>
<testcase name="sumMaxIntegerWithOne()" classname="TestCalculator" time="0">
<system-out><![CDATA[
unique-id: [engine:junit-jupiter]/[class:TestCalculator]/[method:sumMaxIntegerWithOne()]
display-name: sumMaxIntegerWithOne()
]]></system-out>
</testcase>
<testcase name="sumWithoutCalculatorFields(int, int, int)[3]" classname="TestCalculator" time="0.001">
<system-out><![CDATA[
unique-id: [engine:junit-jupiter]/[class:TestCalculator]/[test-template:sumWithoutCalculatorFields(int, int, int)]/[test-template-invocation:#3]
display-name: [3] 2147483647, -2147483648, -1
]]></system-out>
</testcase>
<testcase name="sum()" classname="TestCalculator" time="0.001">
<system-out><![CDATA[
unique-id: [engine:junit-jupiter]/[class:TestCalculator]/[method:sum()]
display-name: sum()
]]></system-out>
</testcase>
<testcase name="sumWithoutCalculatorFields(int, int, int)[4]" classname="TestCalculator" time="0.001">
<system-out><![CDATA[
unique-id: [engine:junit-jupiter]/[class:TestCalculator]/[test-template:sumWithoutCalculatorFields(int, int, int)]/[test-template-invocation:#4]
display-name: [4] -1, 2147483647, -2147483648
]]></system-out>
</testcase>
<testcase name="sumMaxIntegerWithMinInteger()" classname="TestCalculator" time="0.023">
<system-out><![CDATA[
unique-id: [engine:junit-jupiter]/[class:TestCalculator]/[method:sumMaxIntegerWithMinInteger()]
display-name: sumMaxIntegerWithMinInteger()
]]></system-out>
</testcase>
<testcase name="testArrayList()" classname="TestCalculator" time="0.002">
<system-out><![CDATA[
unique-id: [engine:junit-jupiter]/[class:TestCalculator]/[method:testArrayList()]
display-name: testArrayList()
]]></system-out>
</testcase>
<testcase name="sumWhenResultWilBeZero()" classname="TestCalculator" time="0">
<skipped><![CDATA[void TestCalculator.sumWhenResultWilBeZero() is @Disabled]]></skipped>
<system-out><![CDATA[
unique-id: [engine:junit-jupiter]/[class:TestCalculator]/[method:sumWhenResultWilBeZero()]
display-name: sumWhenResultWilBeZero()
]]></system-out>
</testcase>
<testcase name="sumMinIntegerWithMinusOne()" classname="TestCalculator" time="0.001">
<system-out><![CDATA[
unique-id: [engine:junit-jupiter]/[class:TestCalculator]/[method:sumMinIntegerWithMinusOne()]
display-name: sumMinIntegerWithMinusOne()
]]></system-out>
</testcase>
<system-out><![CDATA[
unique-id: [engine:junit-jupiter]
display-name: JUnit Jupiter
]]></system-out>
</testsuite>
